Arguments: 
  /home/gleysonsilvino/.nvm/versions/node/v12.16.1/bin/node /usr/share/yarn/bin/yarn.js add @babel/cli @babel/core @babel/node @babel/preset-env @babel/preset-typescript @babel-plugin-module-resolver -D

PATH: 
  /home/gleysonsilvino/.zinit/polaris/sbin:/home/gleysonsilvino/.zinit/polaris/bin:/home/gleysonsilvino/.nvm/versions/node/v12.16.1/bin:/usr/local/sbin:/usr/local/bin:/usr/sbin:/usr/bin:/sbin:/bin:/usr/games:/usr/local/games:/snap/bin:/home/gleysonsilvino/Android/Sdk/emulator:/home/gleysonsilvino/Android/Sdk/tools:/home/gleysonsilvino/Android/Sdk/tools/bin:/home/gleysonsilvino/Android/Sdk/platform-tools:/home/gleysonsilvino/android-studio/bin:/home/gleysonsilvino/.yarn/bin:/home/gleysonsilvino/scripts:/home/gleysonsilvino/Android/Sdk/emulator:/home/gleysonsilvino/Android/Sdk/tools:/home/gleysonsilvino/Android/Sdk/tools/bin:/home/gleysonsilvino/Android/Sdk/platform-tools:/home/gleysonsilvino/android-studio/bin:/home/gleysonsilvino/.yarn/bin:/home/gleysonsilvino/scripts

Yarn version: 
  1.22.5

Node version: 
  12.16.1

Platform: 
  linux x64

Trace: 
  Error: https://registry.yarnpkg.com/@babel-plugin-module-resolver: Request "https://registry.yarnpkg.com/@babel-plugin-module-resolver" returned a 405
      at Request.params.callback [as _callback] (/usr/share/yarn/lib/cli.js:66997:18)
      at Request.self.callback (/usr/share/yarn/lib/cli.js:140749:22)
      at Request.emit (events.js:311:20)
      at Request.<anonymous> (/usr/share/yarn/lib/cli.js:141721:10)
      at Request.emit (events.js:311:20)
      at IncomingMessage.<anonymous> (/usr/share/yarn/lib/cli.js:141643:12)
      at Object.onceWrapper (events.js:417:28)
      at IncomingMessage.emit (events.js:323:22)
      at endReadableNT (_stream_readable.js:1204:12)
      at processTicksAndRejections (internal/process/task_queues.js:84:21)

npm manifest: 
  {
    "name": "primeiro-projeto-node",
    "version": "1.0.0",
    "main": "index.js",
    "license": "MIT",
    "dependencies": {
      "@types/cors": "^2.8.8",
      "@types/jest": "^26.0.15",
      "@types/mongodb": "^3.5.34",
      "@types/multer": "^1.4.4",
      "@types/nodemailer": "^6.4.0",
      "@types/uuid": "^8.3.0",
      "aws-sdk": "^2.800.0",
      "bcryptjs": "^2.4.3",
      "celebrate": "^13.0.4",
      "class-transformer": "^0.3.1",
      "cors": "^2.8.5",
      "date-fns": "^2.16.1",
      "dotenv": "^8.2.0",
      "express": "^4.17.1",
      "express-async-errors": "^3.1.1",
      "handlebars": "^4.7.6",
      "ioredis": "^4.19.2",
      "jsonwebtoken": "^8.5.1",
      "mime": "^2.4.6",
      "mongodb": "^3.6.3",
      "multer": "^1.4.2",
      "nodemailer": "^6.4.16",
      "pg": "^8.4.2",
      "rate-limiter-flexible": "^2.1.13",
      "redis": "^3.0.2",
      "reflect-metadata": "^0.1.13",
      "tsyringe": "^4.4.0",
      "typeorm": "^0.2.29",
      "uuid": "^8.3.1"
    },
    "scripts": {
      "build": "tsc",
      "dev:server": "ts-node-dev -r tsconfig-paths/register --inspect --transpile-only --ignore-watch node_modules src/shared/infra/http/server.ts",
      "start": "ts-node src/shared/infra/http/server.ts",
      "typeorm": "ts-node-dev -r tsconfig-paths/register ./node_modules/typeorm/cli.js",
      "test": "jest"
    },
    "devDependencies": {
      "@types/bcryptjs": "^2.4.2",
      "@types/express": "^4.17.8",
      "@types/ioredis": "^4.17.8",
      "@types/jsonwebtoken": "^8.5.0",
      "@types/redis": "^2.8.28",
      "@typescript-eslint/eslint-plugin": "^4.6.1",
      "@typescript-eslint/parser": "^4.6.1",
      "eslint": "6.8.0",
      "eslint-config-airbnb-base": "^14.2.0",
      "eslint-config-prettier": "^6.15.0",
      "eslint-import-resolver-typescript": "^2.3.0",
      "eslint-plugin-import": "^2.21.2",
      "eslint-plugin-prettier": "^3.1.4",
      "jest": "^26.6.3",
      "prettier": "^2.1.2",
      "ts-jest": "^26.4.4",
      "ts-node-dev": "^1.0.0",
      "tsconfig-paths": "^3.9.0",
      "typescript": "^4.0.5"
    }
  }

yarn manifest: 
  No manifest

Lockfile: 
  No lockfile
